2023-06-13 17:44:58,872 INFO [background-preinit] o.h.v.i.u.Version [Version.java:21] HV000001: Hibernate Validator 6.2.0.Final
2023-06-13 17:44:58,875 INFO [main] c.p.e.ExampleApplication [StartupInfoLogger.java:55] Starting ExampleApplication using Java 19.0.1 on DESKTOP-O7D7F6E with PID 2500 (D:\BezbBE\BUSEP-evidence-BE\target\classes started by SAVIC in D:\BezbBE\BUSEP-evidence-BE)
2023-06-13 17:44:58,876 INFO [main] c.p.e.ExampleApplication [SpringApplication.java:631] No active profile set, falling back to 1 default profile: "default"
2023-06-13 17:44:59,749 INFO [main] o.s.d.r.c.RepositoryConfigurationDelegate [RepositoryConfigurationDelegate.java:132] Bootstrapping Spring Data JPA repositories in DEFAULT mode.
2023-06-13 17:44:59,855 INFO [main] o.s.d.r.c.RepositoryConfigurationDelegate [RepositoryConfigurationDelegate.java:201] Finished Spring Data repository scanning in 95 ms. Found 10 JPA repository interfaces.
2023-06-13 17:45:00,961 INFO [main] o.s.b.w.e.t.TomcatWebServer [TomcatWebServer.java:108] Tomcat initialized with port(s): 8443 (https)
2023-06-13 17:45:00,974 INFO [main] o.a.c.h.Http11NioProtocol [DirectJDKLog.java:173] Initializing ProtocolHandler ["https-jsse-nio-8443"]
2023-06-13 17:45:00,974 INFO [main] o.a.c.c.StandardService [DirectJDKLog.java:173] Starting service [Tomcat]
2023-06-13 17:45:00,974 INFO [main] o.a.c.c.StandardEngine [DirectJDKLog.java:173] Starting Servlet engine: [Apache Tomcat/9.0.73]
2023-06-13 17:45:01,228 INFO [main] o.a.c.c.C.[.[.[/] [DirectJDKLog.java:173] Initializing Spring embedded WebApplicationContext
2023-06-13 17:45:01,228 INFO [main] o.s.b.w.s.c.ServletWebServerApplicationContext [ServletWebServerApplicationContext.java:292] Root WebApplicationContext: initialization completed in 2269 ms
2023-06-13 17:45:01,391 INFO [main] c.z.h.HikariDataSource [HikariDataSource.java:110] HikariPool-1 - Starting...
2023-06-13 17:45:01,672 INFO [main] c.z.h.HikariDataSource [HikariDataSource.java:123] HikariPool-1 - Start completed.
2023-06-13 17:45:01,799 INFO [main] o.h.j.i.u.LogHelper [LogHelper.java:31] HHH000204: Processing PersistenceUnitInfo [name: default]
2023-06-13 17:45:01,887 INFO [main] o.h.Version [Version.java:44] HHH000412: Hibernate ORM core version 5.6.15.Final
2023-06-13 17:45:02,310 INFO [main] o.h.d.Dialect [Dialect.java:175] HHH000400: Using dialect: org.hibernate.dialect.PostgreSQLDialect
2023-06-13 17:45:04,111 INFO [main] o.h.e.t.j.p.i.JtaPlatformInitiator [JtaPlatformInitiator.java:52] HHH000490: Using JtaPlatform implementation: [org.hibernate.engine.transaction.jta.platform.internal.NoJtaPlatform]
2023-06-13 17:45:04,133 INFO [main] o.s.o.j.LocalContainerEntityManagerFactoryBean [AbstractEntityManagerFactoryBean.java:437] Initialized JPA EntityManagerFactory for persistence unit 'default'
2023-06-13 17:45:06,392 WARN [main] o.s.b.a.o.j.JpaBaseConfiguration$JpaWebConfiguration [JpaBaseConfiguration.java:223] spring.jpa.open-in-view is enabled by default. Therefore, database queries may be performed during view rendering. Explicitly configure spring.jpa.open-in-view to disable this warning
2023-06-13 17:45:06,732 INFO [main] o.s.s.w.DefaultSecurityFilterChain [DefaultSecurityFilterChain.java:55] Will secure any request with [org.springframework.security.web.session.DisableEncodeUrlFilter@4b6fc231, org.springframework.security.web.context.request.async.WebAsyncManagerIntegrationFilter@6b7ebac1, org.springframework.security.web.context.SecurityContextPersistenceFilter@77e1b84c, org.springframework.security.web.header.HeaderWriterFilter@5fb05c07, org.springframework.web.filter.CorsFilter@39dee5fd, org.springframework.security.web.authentication.logout.LogoutFilter@68303aad, com.pki.example.auth.JwtAuthentificationFilter@aca594d, org.springframework.security.web.savedrequest.RequestCacheAwareFilter@6d911985, org.springframework.security.web.servletapi.SecurityContextHolderAwareRequestFilter@ab5dde4, org.springframework.security.web.authentication.AnonymousAuthenticationFilter@1b897ffb, org.springframework.security.web.session.SessionManagementFilter@27b84c9a, org.springframework.security.web.access.ExceptionTranslationFilter@577dac16, org.springframework.security.web.access.intercept.FilterSecurityInterceptor@57edfa89]
2023-06-13 17:45:07,213 INFO [main] o.a.c.h.Http11NioProtocol [DirectJDKLog.java:173] Starting ProtocolHandler ["https-jsse-nio-8443"]
2023-06-13 17:45:07,370 INFO [main] o.a.t.u.n.N.certificate [DirectJDKLog.java:173] Connector [https-jsse-nio-8443], TLS virtual host [_default_], certificate type [UNDEFINED] configured from [file:/D:/BezbBE/BUSEP-evidence-BE/target/classes/static/httpsKS.jks] using alias [mycaserver3] and with trust store [null]
2023-06-13 17:45:07,394 INFO [main] o.s.b.w.e.t.TomcatWebServer [TomcatWebServer.java:220] Tomcat started on port(s): 8443 (https) with context path ''
2023-06-13 17:45:07,419 INFO [main] c.p.e.ExampleApplication [StartupInfoLogger.java:61] Started ExampleApplication in 9.079 seconds (JVM running for 10.959)
2023-06-13 18:26:22,979 WARN [HikariPool-1 housekeeper] c.z.h.p.HikariPool [HikariPool.java:788] HikariPool-1 - Thread starvation or clock leap detected (housekeeper delta=7m20s741ms565µs600ns).
2023-06-13 18:40:03,311 INFO [SpringApplicationShutdownHook] o.s.o.j.LocalContainerEntityManagerFactoryBean [AbstractEntityManagerFactoryBean.java:651] Closing JPA EntityManagerFactory for persistence unit 'default'
2023-06-13 18:40:03,313 INFO [SpringApplicationShutdownHook] c.z.h.HikariDataSource [HikariDataSource.java:350] HikariPool-1 - Shutdown initiated...
2023-06-13 18:40:03,316 INFO [SpringApplicationShutdownHook] c.z.h.HikariDataSource [HikariDataSource.java:352] HikariPool-1 - Shutdown completed.
2023-06-13 18:40:14,292 INFO [main] c.p.e.ExampleApplication [StartupInfoLogger.java:55] Starting ExampleApplication using Java 19.0.1 on DESKTOP-O7D7F6E with PID 19172 (D:\BezbBE\BUSEP-evidence-BE\target\classes started by SAVIC in D:\BezbBE\BUSEP-evidence-BE)
2023-06-13 18:40:14,298 INFO [background-preinit] o.h.v.i.u.Version [Version.java:21] HV000001: Hibernate Validator 6.2.0.Final
2023-06-13 18:40:14,299 INFO [main] c.p.e.ExampleApplication [SpringApplication.java:631] No active profile set, falling back to 1 default profile: "default"
2023-06-13 18:40:15,131 INFO [main] o.s.d.r.c.RepositoryConfigurationDelegate [RepositoryConfigurationDelegate.java:132] Bootstrapping Spring Data JPA repositories in DEFAULT mode.
2023-06-13 18:40:15,235 INFO [main] o.s.d.r.c.RepositoryConfigurationDelegate [RepositoryConfigurationDelegate.java:201] Finished Spring Data repository scanning in 94 ms. Found 10 JPA repository interfaces.
2023-06-13 18:40:16,265 INFO [main] o.s.b.w.e.t.TomcatWebServer [TomcatWebServer.java:108] Tomcat initialized with port(s): 8443 (https)
2023-06-13 18:40:16,277 INFO [main] o.a.c.h.Http11NioProtocol [DirectJDKLog.java:173] Initializing ProtocolHandler ["https-jsse-nio-8443"]
2023-06-13 18:40:16,277 INFO [main] o.a.c.c.StandardService [DirectJDKLog.java:173] Starting service [Tomcat]
2023-06-13 18:40:16,277 INFO [main] o.a.c.c.StandardEngine [DirectJDKLog.java:173] Starting Servlet engine: [Apache Tomcat/9.0.73]
2023-06-13 18:40:16,519 INFO [main] o.a.c.c.C.[.[.[/] [DirectJDKLog.java:173] Initializing Spring embedded WebApplicationContext
2023-06-13 18:40:16,519 INFO [main] o.s.b.w.s.c.ServletWebServerApplicationContext [ServletWebServerApplicationContext.java:292] Root WebApplicationContext: initialization completed in 2120 ms
2023-06-13 18:40:16,663 INFO [main] c.z.h.HikariDataSource [HikariDataSource.java:110] HikariPool-1 - Starting...
2023-06-13 18:40:16,893 INFO [main] c.z.h.HikariDataSource [HikariDataSource.java:123] HikariPool-1 - Start completed.
2023-06-13 18:40:17,035 INFO [main] o.h.j.i.u.LogHelper [LogHelper.java:31] HHH000204: Processing PersistenceUnitInfo [name: default]
2023-06-13 18:40:17,122 INFO [main] o.h.Version [Version.java:44] HHH000412: Hibernate ORM core version 5.6.15.Final
2023-06-13 18:40:17,538 INFO [main] o.h.d.Dialect [Dialect.java:175] HHH000400: Using dialect: org.hibernate.dialect.PostgreSQLDialect
2023-06-13 18:40:18,962 INFO [main] o.h.e.t.j.p.i.JtaPlatformInitiator [JtaPlatformInitiator.java:52] HHH000490: Using JtaPlatform implementation: [org.hibernate.engine.transaction.jta.platform.internal.NoJtaPlatform]
2023-06-13 18:40:18,977 INFO [main] o.s.o.j.LocalContainerEntityManagerFactoryBean [AbstractEntityManagerFactoryBean.java:437] Initialized JPA EntityManagerFactory for persistence unit 'default'
2023-06-13 18:40:20,383 WARN [main] o.s.b.w.s.c.AnnotationConfigServletWebServerApplicationContext [AbstractApplicationContext.java:591] Exception encountered during context initialization - cancelling refresh attempt: org.springframework.beans.factory.UnsatisfiedDependencyException: Error creating bean with name 'authController' defined in file [D:\BezbBE\BUSEP-evidence-BE\target\classes\com\pki\example\controller\AuthController.class]: Unsatisfied dependency expressed through constructor parameter 6; nested exception is org.springframework.beans.factory.UnsatisfiedDependencyException: Error creating bean with name 'alertService': Unsatisfied dependency expressed through field 'emailService'; nested exception is org.springframework.beans.factory.BeanNotOfRequiredTypeException: Bean named 'emailService' is expected to be of type 'com.pki.example.email.service.EmailService' but was actually of type 'jdk.proxy2.$Proxy134'
2023-06-13 18:40:20,386 INFO [main] o.s.o.j.LocalContainerEntityManagerFactoryBean [AbstractEntityManagerFactoryBean.java:651] Closing JPA EntityManagerFactory for persistence unit 'default'
2023-06-13 18:40:20,388 INFO [main] c.z.h.HikariDataSource [HikariDataSource.java:350] HikariPool-1 - Shutdown initiated...
2023-06-13 18:40:20,391 INFO [main] c.z.h.HikariDataSource [HikariDataSource.java:352] HikariPool-1 - Shutdown completed.
2023-06-13 18:40:20,394 INFO [main] o.a.c.c.StandardService [DirectJDKLog.java:173] Stopping service [Tomcat]
2023-06-13 18:40:20,410 INFO [main] o.s.b.a.l.ConditionEvaluationReportLoggingListener [ConditionEvaluationReportLoggingListener.java:136] 

Error starting ApplicationContext. To display the conditions report re-run your application with 'debug' enabled.
2023-06-13 18:40:20,431 ERROR [main] o.s.b.d.LoggingFailureAnalysisReporter [LoggingFailureAnalysisReporter.java:40] 

***************************
APPLICATION FAILED TO START
***************************

Description:

The bean 'emailService' could not be injected because it is a JDK dynamic proxy

The bean is of type 'jdk.proxy2.$Proxy134' and implements:
	com.pki.example.email.service.IEmailService
	org.springframework.aop.SpringProxy
	org.springframework.aop.framework.Advised
	org.springframework.core.DecoratingProxy

Expected a bean of type 'com.pki.example.email.service.EmailService' which implements:
	com.pki.example.email.service.IEmailService


Action:

Consider injecting the bean as one of its interfaces or forcing the use of CGLib-based proxies by setting proxyTargetClass=true on @EnableAsync and/or @EnableCaching.

2023-06-13 18:40:49,656 INFO [main] c.p.e.ExampleApplication [StartupInfoLogger.java:55] Starting ExampleApplication using Java 19.0.1 on DESKTOP-O7D7F6E with PID 5356 (D:\BezbBE\BUSEP-evidence-BE\target\classes started by SAVIC in D:\BezbBE\BUSEP-evidence-BE)
2023-06-13 18:40:49,656 INFO [background-preinit] o.h.v.i.u.Version [Version.java:21] HV000001: Hibernate Validator 6.2.0.Final
2023-06-13 18:40:49,659 INFO [main] c.p.e.ExampleApplication [SpringApplication.java:631] No active profile set, falling back to 1 default profile: "default"
2023-06-13 18:40:50,397 INFO [main] o.s.d.r.c.RepositoryConfigurationDelegate [RepositoryConfigurationDelegate.java:132] Bootstrapping Spring Data JPA repositories in DEFAULT mode.
2023-06-13 18:40:50,498 INFO [main] o.s.d.r.c.RepositoryConfigurationDelegate [RepositoryConfigurationDelegate.java:201] Finished Spring Data repository scanning in 92 ms. Found 10 JPA repository interfaces.
2023-06-13 18:40:51,474 INFO [main] o.s.b.w.e.t.TomcatWebServer [TomcatWebServer.java:108] Tomcat initialized with port(s): 8443 (https)
2023-06-13 18:40:51,484 INFO [main] o.a.c.h.Http11NioProtocol [DirectJDKLog.java:173] Initializing ProtocolHandler ["https-jsse-nio-8443"]
2023-06-13 18:40:51,485 INFO [main] o.a.c.c.StandardService [DirectJDKLog.java:173] Starting service [Tomcat]
2023-06-13 18:40:51,485 INFO [main] o.a.c.c.StandardEngine [DirectJDKLog.java:173] Starting Servlet engine: [Apache Tomcat/9.0.73]
2023-06-13 18:40:51,687 INFO [main] o.a.c.c.C.[.[.[/] [DirectJDKLog.java:173] Initializing Spring embedded WebApplicationContext
2023-06-13 18:40:51,687 INFO [main] o.s.b.w.s.c.ServletWebServerApplicationContext [ServletWebServerApplicationContext.java:292] Root WebApplicationContext: initialization completed in 1946 ms
2023-06-13 18:40:51,826 INFO [main] c.z.h.HikariDataSource [HikariDataSource.java:110] HikariPool-1 - Starting...
2023-06-13 18:40:52,086 INFO [main] c.z.h.HikariDataSource [HikariDataSource.java:123] HikariPool-1 - Start completed.
2023-06-13 18:40:52,191 INFO [main] o.h.j.i.u.LogHelper [LogHelper.java:31] HHH000204: Processing PersistenceUnitInfo [name: default]
2023-06-13 18:40:52,264 INFO [main] o.h.Version [Version.java:44] HHH000412: Hibernate ORM core version 5.6.15.Final
2023-06-13 18:40:52,714 INFO [main] o.h.d.Dialect [Dialect.java:175] HHH000400: Using dialect: org.hibernate.dialect.PostgreSQLDialect
2023-06-13 18:40:54,239 INFO [main] o.h.e.t.j.p.i.JtaPlatformInitiator [JtaPlatformInitiator.java:52] HHH000490: Using JtaPlatform implementation: [org.hibernate.engine.transaction.jta.platform.internal.NoJtaPlatform]
2023-06-13 18:40:54,251 INFO [main] o.s.o.j.LocalContainerEntityManagerFactoryBean [AbstractEntityManagerFactoryBean.java:437] Initialized JPA EntityManagerFactory for persistence unit 'default'
2023-06-13 18:40:55,615 WARN [main] o.s.b.w.s.c.AnnotationConfigServletWebServerApplicationContext [AbstractApplicationContext.java:591] Exception encountered during context initialization - cancelling refresh attempt: org.springframework.beans.factory.UnsatisfiedDependencyException: Error creating bean with name 'authController' defined in file [D:\BezbBE\BUSEP-evidence-BE\target\classes\com\pki\example\controller\AuthController.class]: Unsatisfied dependency expressed through constructor parameter 6; nested exception is org.springframework.beans.factory.UnsatisfiedDependencyException: Error creating bean with name 'alertService': Unsatisfied dependency expressed through field 'emailService'; nested exception is org.springframework.beans.factory.BeanNotOfRequiredTypeException: Bean named 'emailService' is expected to be of type 'com.pki.example.email.service.EmailService' but was actually of type 'jdk.proxy2.$Proxy134'
2023-06-13 18:40:55,618 INFO [main] o.s.o.j.LocalContainerEntityManagerFactoryBean [AbstractEntityManagerFactoryBean.java:651] Closing JPA EntityManagerFactory for persistence unit 'default'
2023-06-13 18:40:55,620 INFO [main] c.z.h.HikariDataSource [HikariDataSource.java:350] HikariPool-1 - Shutdown initiated...
2023-06-13 18:40:55,623 INFO [main] c.z.h.HikariDataSource [HikariDataSource.java:352] HikariPool-1 - Shutdown completed.
2023-06-13 18:40:55,627 INFO [main] o.a.c.c.StandardService [DirectJDKLog.java:173] Stopping service [Tomcat]
2023-06-13 18:40:55,642 INFO [main] o.s.b.a.l.ConditionEvaluationReportLoggingListener [ConditionEvaluationReportLoggingListener.java:136] 

Error starting ApplicationContext. To display the conditions report re-run your application with 'debug' enabled.
2023-06-13 18:40:55,666 ERROR [main] o.s.b.d.LoggingFailureAnalysisReporter [LoggingFailureAnalysisReporter.java:40] 

***************************
APPLICATION FAILED TO START
***************************

Description:

The bean 'emailService' could not be injected because it is a JDK dynamic proxy

The bean is of type 'jdk.proxy2.$Proxy134' and implements:
	com.pki.example.email.service.IEmailService
	org.springframework.aop.SpringProxy
	org.springframework.aop.framework.Advised
	org.springframework.core.DecoratingProxy

Expected a bean of type 'com.pki.example.email.service.EmailService' which implements:
	com.pki.example.email.service.IEmailService


Action:

Consider injecting the bean as one of its interfaces or forcing the use of CGLib-based proxies by setting proxyTargetClass=true on @EnableAsync and/or @EnableCaching.

2023-06-13 18:41:49,509 INFO [background-preinit] o.h.v.i.u.Version [Version.java:21] HV000001: Hibernate Validator 6.2.0.Final
2023-06-13 18:41:49,514 INFO [main] c.p.e.ExampleApplication [StartupInfoLogger.java:55] Starting ExampleApplication using Java 19.0.1 on DESKTOP-O7D7F6E with PID 15844 (D:\BezbBE\BUSEP-evidence-BE\target\classes started by SAVIC in D:\BezbBE\BUSEP-evidence-BE)
2023-06-13 18:41:49,516 INFO [main] c.p.e.ExampleApplication [SpringApplication.java:631] No active profile set, falling back to 1 default profile: "default"
2023-06-13 18:41:50,337 INFO [main] o.s.d.r.c.RepositoryConfigurationDelegate [RepositoryConfigurationDelegate.java:132] Bootstrapping Spring Data JPA repositories in DEFAULT mode.
2023-06-13 18:41:50,467 INFO [main] o.s.d.r.c.RepositoryConfigurationDelegate [RepositoryConfigurationDelegate.java:201] Finished Spring Data repository scanning in 114 ms. Found 10 JPA repository interfaces.
2023-06-13 18:41:51,513 INFO [main] o.s.b.w.e.t.TomcatWebServer [TomcatWebServer.java:108] Tomcat initialized with port(s): 8443 (https)
2023-06-13 18:41:51,523 INFO [main] o.a.c.h.Http11NioProtocol [DirectJDKLog.java:173] Initializing ProtocolHandler ["https-jsse-nio-8443"]
2023-06-13 18:41:51,524 INFO [main] o.a.c.c.StandardService [DirectJDKLog.java:173] Starting service [Tomcat]
2023-06-13 18:41:51,524 INFO [main] o.a.c.c.StandardEngine [DirectJDKLog.java:173] Starting Servlet engine: [Apache Tomcat/9.0.73]
2023-06-13 18:41:51,739 INFO [main] o.a.c.c.C.[.[.[/] [DirectJDKLog.java:173] Initializing Spring embedded WebApplicationContext
2023-06-13 18:41:51,740 INFO [main] o.s.b.w.s.c.ServletWebServerApplicationContext [ServletWebServerApplicationContext.java:292] Root WebApplicationContext: initialization completed in 2136 ms
2023-06-13 18:41:51,889 INFO [main] c.z.h.HikariDataSource [HikariDataSource.java:110] HikariPool-1 - Starting...
2023-06-13 18:41:52,131 INFO [main] c.z.h.HikariDataSource [HikariDataSource.java:123] HikariPool-1 - Start completed.
2023-06-13 18:41:52,245 INFO [main] o.h.j.i.u.LogHelper [LogHelper.java:31] HHH000204: Processing PersistenceUnitInfo [name: default]
2023-06-13 18:41:52,325 INFO [main] o.h.Version [Version.java:44] HHH000412: Hibernate ORM core version 5.6.15.Final
2023-06-13 18:41:52,827 INFO [main] o.h.d.Dialect [Dialect.java:175] HHH000400: Using dialect: org.hibernate.dialect.PostgreSQLDialect
2023-06-13 18:41:54,267 INFO [main] o.h.e.t.j.p.i.JtaPlatformInitiator [JtaPlatformInitiator.java:52] HHH000490: Using JtaPlatform implementation: [org.hibernate.engine.transaction.jta.platform.internal.NoJtaPlatform]
2023-06-13 18:41:54,280 INFO [main] o.s.o.j.LocalContainerEntityManagerFactoryBean [AbstractEntityManagerFactoryBean.java:437] Initialized JPA EntityManagerFactory for persistence unit 'default'
2023-06-13 18:41:56,337 WARN [main] o.s.b.a.o.j.JpaBaseConfiguration$JpaWebConfiguration [JpaBaseConfiguration.java:223] spring.jpa.open-in-view is enabled by default. Therefore, database queries may be performed during view rendering. Explicitly configure spring.jpa.open-in-view to disable this warning
2023-06-13 18:41:56,722 INFO [main] o.s.s.w.DefaultSecurityFilterChain [DefaultSecurityFilterChain.java:55] Will secure any request with [org.springframework.security.web.session.DisableEncodeUrlFilter@1254a3cd, org.springframework.security.web.context.request.async.WebAsyncManagerIntegrationFilter@88e85a, org.springframework.security.web.context.SecurityContextPersistenceFilter@21abd3a3, org.springframework.security.web.header.HeaderWriterFilter@577dac16, org.springframework.web.filter.CorsFilter@230dd372, org.springframework.security.web.authentication.logout.LogoutFilter@6779af40, com.pki.example.auth.JwtAuthentificationFilter@5a9ef32e, org.springframework.security.web.savedrequest.RequestCacheAwareFilter@77e1b84c, org.springframework.security.web.servletapi.SecurityContextHolderAwareRequestFilter@12d8e6b6, org.springframework.security.web.authentication.AnonymousAuthenticationFilter@663cc8c9, org.springframework.security.web.session.SessionManagementFilter@222dc36c, org.springframework.security.web.access.ExceptionTranslationFilter@47d0195b, org.springframework.security.web.access.intercept.FilterSecurityInterceptor@1a3a6216]
2023-06-13 18:41:57,240 INFO [main] o.a.c.h.Http11NioProtocol [DirectJDKLog.java:173] Starting ProtocolHandler ["https-jsse-nio-8443"]
2023-06-13 18:41:57,377 INFO [main] o.a.t.u.n.N.certificate [DirectJDKLog.java:173] Connector [https-jsse-nio-8443], TLS virtual host [_default_], certificate type [UNDEFINED] configured from [file:/D:/BezbBE/BUSEP-evidence-BE/target/classes/static/httpsKS.jks] using alias [mycaserver3] and with trust store [null]
2023-06-13 18:41:57,398 INFO [main] o.s.b.w.e.t.TomcatWebServer [TomcatWebServer.java:220] Tomcat started on port(s): 8443 (https) with context path ''
2023-06-13 18:41:57,419 INFO [main] c.p.e.ExampleApplication [StartupInfoLogger.java:61] Started ExampleApplication in 8.447 seconds (JVM running for 10.262)
2023-06-13 18:42:06,456 INFO [https-jsse-nio-8443-exec-5] o.a.c.c.C.[.[.[/] [DirectJDKLog.java:173] Initializing Spring DispatcherServlet 'dispatcherServlet'
2023-06-13 18:42:06,457 INFO [https-jsse-nio-8443-exec-5] o.s.w.s.DispatcherServlet [FrameworkServlet.java:525] Initializing Servlet 'dispatcherServlet'
2023-06-13 18:42:06,458 INFO [https-jsse-nio-8443-exec-5] o.s.w.s.DispatcherServlet [FrameworkServlet.java:547] Completed initialization in 1 ms
2023-06-13 18:42:06,883 INFO [https-jsse-nio-8443-exec-4] c.p.e.c.AdminController [AuthController.java:69] Ovo je informacija koju želite da logujete.
